<?xml version="1.0" encoding="UTF-8"?>
<testng-results ignored="0" total="1" passed="1" failed="0" skipped="0">
  <reporter-output>
  </reporter-output>
  <suite started-at="2022-11-05T10:31:17Z" name="Suite" finished-at="2022-11-05T10:31:29Z" duration-ms="11489">
    <groups>
    </groups>
    <test started-at="2022-11-05T10:31:17Z" name="Test" finished-at="2022-11-05T10:31:29Z" duration-ms="11489">
      <class name="com.assesment.testvagrant.CompareValues">
        <test-method is-config="true" signature="intializeDriver()[pri:0, instance:com.assesment.testvagrant.CompareValues@5be49b60]" started-at="2022-11-05T10:31:18Z" name="intializeDriver" finished-at="2022-11-05T10:31:19Z" duration-ms="1641" status="PASS">
          <reporter-output>
          </reporter-output>
        </test-method> <!-- intializeDriver -->
        <test-method signature="Comparaision()[pri:0, instance:com.assesment.testvagrant.CompareValues@5be49b60]" started-at="2022-11-05T10:31:19Z" name="Comparaision" finished-at="2022-11-05T10:31:28Z" duration-ms="9020" status="PASS">
          <reporter-output>
          </reporter-output>
        </test-method> <!-- Comparaision -->
        <test-method is-config="true" signature="closeBrowser()[pri:0, instance:com.assesment.testvagrant.CompareValues@5be49b60]" started-at="2022-11-05T10:31:28Z" name="closeBrowser" finished-at="2022-11-05T10:31:29Z" duration-ms="809" status="PASS">
          <reporter-output>
          </reporter-output>
        </test-method> <!-- closeBrowser -->
      </class> <!-- com.assesment.testvagrant.CompareValues -->
    </test> <!-- Test -->
  </suite> <!-- Suite -->
</testng-results>
